PRRRRRRRRRRRRRRRRPRRRPRSSSSSSSSS
PRPPPPPPPPPPPPSSSSSSSSSSSSSSSSSS
PRRRRRRRRRRRRRRRRPRRRPRRRPRRRPSS
PRRRPPPSSSSSSSSSSSSSSSSSSSSSSSSS
PRRRRRRRRRRRRRRRRPRRRPRRRPRRPSSS
PRRRRRRPPPPPPSSSSSSSSSSSSSSSSSSS
PRRRRRRRRRRRRRRRPRRRRRRRRPRRPSSS
PRRRRRRRRRRRRRRRRPPPPPPPPPSSSSSS
PRRRRRRRRRRRRRRRRPPPPPPPSSSSSSSS
PRRRRRRRRRRRRRRRRPRRRPRRPPPPPSSS
PRPPPPPPPPPPPPPPPPSSSSSSSSSSSSSS
PRRRPPPPSSSSSSSSSSSSSSSSSSSSSSSS
PRRRRRRRRSSSSSSSSSSSSSSSSSSSSSSS
PRRRRRRRRRRRRRRRRPRRRPPPPPPPPSSS
PRRRRRRRRRRRRRRRPRRRRRRRRPRRRPSS
PRRRRRRRRRPPPPPPPPPPPPSSSSSSSSSS
PRRRRRRRRRRRSSSSSSSSSSSSSSSSSSSS
PRRRRRRRRRRRPPPPPPPPPPPPPPPPPPSS
PRRRPPPPPPPPPPPSSSSSSSSSSSSSSSSS
PRRRRRRRRRRRRRRRRPRRRPRRRPRRSSSS
PRRRRRRRRRRPPPPPPPPPPPPPPPPPSSSS
PRRRRRRRRRRRRRRRRPRPPPSSSSSSSSSS
PRRRRRRRRRRRRRRRRPRRRPSSSSSSSSSS
PRRRRRRRRRRRRPPPPPPPPPPPPPPPPPPS
PRRRRRRRRRRRRRRRRPRPPPPPPPPPPPSS
PRRRRRRRRRRRRRRRPRRRRRRRRPSSSSSS
PRRRRRRRRRRRRRRPPPPPPPPPPPPPSSSS
PRRRRRRRRRRRRRRRRPRRRPRRPPPPPPPS
PRRRRRRRRRRRPPPPPPPPPPPPPPSSSSSS
PRRRRRRRRRRRRRRPPPPPPSSSSSSSSSSS
PRRRRRRRRRRRRRRRRPPPPSSSSSSSSSSS
PRRRRRRRRRRRRRRRRPRRRPRPPSSSSSSS
PRRRRRRRRRPPPPPPSSSSSSSSSSSSSSSS
PRRRRRRRRRRRRRRRRPRRRPSSSSSSSSSS
PRRRRRRRRRRRRRRRPPPPPPPPPPPPPSSS
PRRRRRPPPPPPPPPPPPPPPPPPPPPSSSSS
PRRRRRPPPPPPPPPPPPPPPPSSSSSSSSSS
PRRRRRRRRRRPPPPPPPPPPPPPPPPPPPPS
PRRRRRRRRRRRRRRRRPPPPPPPPPPPPSSS
PRRRRRRRRRRRRRRRRPRRRPSSSSSSSSSS
PRRRRRRRRRRRRRRRSSSSSSSSSSSSSSSS
PRRRRRRRRRRRPPPPPPPPPPPPPPPPPPPS
PRRRRRRRRRRRRRRRRPRRRPPPSSSSSSSS
PRRRRRRRRRRRRRRRRPPPSSSSSSSSSSSS
PRRRRRRRRRRRRRRRRPRRRPRRPPPSSSSS
PRRRRRRRRRRRRRRRPRRRRRSSSSSSSSSS
PRRRRRRRRRRRRRRRPPPPSSSSSSSSSSSS
PRRPPPPPPPPPPPPPPPPPPPSSSSSSSSSS
PRRRRRRRRRRRRRPPSSSSSSSSSSSSSSSS
PRRRRRRRRRRRRRRRRPRRRPRPPPPPPSSS
