PRRRRRRRRRRRRRRRRPRPPPPSSSSSSSSS
PRRRRRRRRRRRRPPPPPPPSSSSSSSSSSSS
PRRRRRRRRRRRRRRRPRRRRRSSSSSSSSSS
PRRRRRRRRRRRRRRRRPRRRPRRRPPPPPPS
PRRRRRRRRRRRRRRRRPRPPPPPPSSSSSSS
PRRRRRRRRRRRRRRRRPRRRPRPPPPPPSSS
PRRRRRRRRRRRRRRRRPRRRPRRRPRRRPPS
PRRPPPPPPPPPPPPPPPPSSSSSSSSSSSSS
PRRRRRRRRRRRRRRRRPRRRPRPPPPPPPSS
PRRRRRRRRRRRRRRRRPRRPPPPPSSSSSSS
PRRRRRRRRRRRRRRRRPRPSSSSSSSSSSSS
PRRRRRRRRRRRPPPPPPPPPPPPPSSSSSSS
PRRRRRRRRRRRRPPPPPPPPPPPPPSSSSSS
PRRRRRRRRRRRRRRRPRRRRRRRRPRSSSSS
PRRRRRRRRRRRRRRRRRRRRPRRRPRRRPPS
PRRRRRRRRRRRRRRRRPRPPPPPPSSSSSSS
PRRRRRRRRRRRRRRRPRRRRSSSSSSSSSSS
PRRRRRRRRRRRRRRRPRRRRRRRRPRSSSSS
PRRRRRRRRRRRRRRRRPRRRPRRRPRPPPPS
PRRRRRRRRRRRRRRRRPRRRPRRRPRPPSSS
PRRRRRPPPPPPPPPPSSSSSSSSSSSSSSSS
PRRRRRRRRRRRRRRRRPRRRPRRRPPSSSSS
PRRRRRRRRRPPPPPPPSSSSSSSSSSSSSSS
PRRRRRRRRRRRRRRRRPRRRPRRRPPPPPSS
PRRRRRRRRRRRPPPPPPPSSSSSSSSSSSSS
PRRRRRRRRRRRRRRRRPRRPPPSSSSSSSSS
PRRRRRRRRRRPPPPPPPSSSSSSSSSSSSSS
PRRRPPPPPPPPPSSSSSSSSSSSSSSSSSSS
PRRRRRRRRRRRRRRRRPRPSSSSSSSSSSSS
PRRRRRRRRRRRRRRRRPRRRPRRPSSSSSSS
PRRRRRPPPPPSSSSSSSSSSSSSSSSSSSSS
PRRRRRRRRRRRRRRRPRRRRRRRSSSSSSSS
PRRRRRRRRRRRRRRRRPRPPSSSSSSSSSSS
PRRRRRRRRRRRRRRPPPPPPPPSSSSSSSSS
PRPPPPPPPPPPPPPPPPPPPPPPPPPPPPPS
PRRRRRRRRRRRRRRRRPRRRPRRRPRRPPSS
PRRRRRSSSSSSSSSSSSSSSSSSSSSSSSSS
PRRPPPPPPPPSSSSSSSSSSSSSSSSSSSSS
PRRRRRRRRRRRRRRRRPRPPPSSSSSSSSSS
PRRRRRRRRRRRRRRRRPRRRPRRRPRPPPSS
PRRRRRRRRRRRRRRRPPPPPPPPPPPPPSSS
PRRRRRRRPPPPPPPPPPPPPSSSSSSSSSSS
PRRRRRRRRRRRRRRRRPRRRPRPPPPPPPPS
PRRRRRRRRRRRPPPPPPPPPPPPPPSSSSSS
PRRRRRRRRRRRRRRRRPRRRPRSSSSSSSSS
PRRRRRRRRRRRRRRRPRRRRRRRRPSSSSSS
PRRRRRRRRRRPSSSSSSSSSSSSSSSSSSSS
PRRRRRRRRRRRRRRRRPRRRPRRRPRPPSSS
PRPPPPSSSSSSSSSSSSSSSSSSSSSSSSSS
PRRRRRRRRRRRRRRRPRRRRRRRSSSSSSSS
