50 32
RRRRRRRRRRRRRRRPRPRRRPRSSSSSSSSS
RPPPPPPPPPPPPPSSSSSSSSSSSSSSSSSS
RRRRRRRRRRRRRRRPRPRRRPRRRPRRRPSS
RRRPPPPSSSSSSSSSSSSSSSSSSSSSSSSS
RRRRRRRRRRRRRRRPRPRRRPRRRPRRPSSS
RRRRRRPPPPPPPSSSSSSSSSSSSSSSSSSS
RRRRRRRRRRRRRRRPRRRRRRRPRPRRPSSS
RRRRRRRRRRRRRRRPRPPPPPPPPPSSSSSS
RRRRRRRRRRRRRRRPRPPPPPPPSSSSSSSS
RRRRRRRRRRRRRRRPRPRRRPRRPPPPPSSS
RPPPPPPPPPPPPPPPPPSSSSSSSSSSSSSS
RRRPPPPPSSSSSSSSSSSSSSSSSSSSSSSS
RRRRRRRRPSSSSSSSSSSSSSSSSSSSSSSS
RRRRRRRRRRRRRRRPRPRRRPPPPPPPPSSS
RRRRRRRRRRRRRRRPRRRRRRRPRPRRRPSS
RRRRRRRRRPPPPPPPPPPPPPSSSSSSSSSS
RRRRRRRRRRRPSSSSSSSSSSSSSSSSSSSS
RRRRRRRRRRRPPPPPPPPPPPPPPPPPPPSS
RRRPPPPPPPPPPPPSSSSSSSSSSSSSSSSS
RRRRRRRRRRRRRRRPRPRRRPRRRPRRSSSS
RRRRRRRRRRPPPPPPPPPPPPPPPPPPSSSS
RRRRRRRRRRRRRRRPRPRPPPSSSSSSSSSS
RRRRRRRRRRRRRRRPRPRRRPSSSSSSSSSS
RRRRRRRRRRRRPPPPPPPPPPPPPPPPPPPS
RRRRRRRRRRRRRRRPRPRPPPPPPPPPPPSS
RRRRRRRRRRRRRRRPRRRRRRRPRPSSSSSS
RRRRRRRRRRRRRRPPPPPPPPPPPPPPSSSS
RRRRRRRRRRRRRRRPRPRRRPRRPPPPPPPS
RRRRRRRRRRRPPPPPPPPPPPPPPPSSSSSS
RRRRRRRRRRRRRRPPPPPPPSSSSSSSSSSS
RRRRRRRRRRRRRRRPRPPPPSSSSSSSSSSS
RRRRRRRRRRRRRRRPRPRRRPRPPSSSSSSS
RRRRRRRRRPPPPPPPSSSSSSSSSSSSSSSS
RRRRRRRRRRRRRRRPRPRRRPSSSSSSSSSS
RRRRRRRRRRRRRRRPPPPPPPPPPPPPPSSS
RRRRRPPPPPPPPPPPPPPPPPPPPPPSSSSS
RRRRRPPPPPPPPPPPPPPPPPSSSSSSSSSS
RRRRRRRRRRPPPPPPPPPPPPPPPPPPPPPS
RRRRRRRRRRRRRRRPRPPPPPPPPPPPPSSS
RRRRRRRRRRRRRRRPRPRRRPSSSSSSSSSS
RRRRRRRRRRRRRRRPSSSSSSSSSSSSSSSS
RRRRRRRRRRRPPPPPPPPPPPPPPPPPPPPS
RRRRRRRRRRRRRRRPRPRRRPPPSSSSSSSS
RRRRRRRRRRRRRRRPRPPPSSSSSSSSSSSS
RRRRRRRRRRRRRRRPRPRRRPRRPPPSSSSS
RRRRRRRRRRRRRRRPRRRRRPSSSSSSSSSS
RRRRRRRRRRRRRRRPPPPPSSSSSSSSSSSS
RRPPPPPPPPPPPPPPPPPPPPSSSSSSSSSS
RRRRRRRRRRRRRPPPSSSSSSSSSSSSSSSS
RRRRRRRRRRRRRRRPRPRRRPRPPPPPPSSS