RPRRRPRRRPRPPSSSSSSSSSSSSSSSSSSS
RPRRRPRRRPRRRPRRRPRRRPRRRPRRPSSS
RPRRRPRRRPRRRPRRRPRRPPPPPPPPPPPS
RPRRRPRRRPRRRPRRRPPPPSSSSSSSSSSS
RPRRRPRRRPRPPPPPPPPPPPPPPPPPPSSS
RPRPPPPPPPPSSSSSSSSSSSSSSSSSSSSS
RPRRRPRRRPRRRPRRRPRRRPRRRPRRPSSS
RPRRRPRRRPRRRPRRRPRRRPRRPSSSSSSS
RPRRRPRRPPPPPPPPPPSSSSSSSSSSSSSS
RPRRRPRRRPRRRPRRRPRRPPPSSSSSSSSS
RPRRPPPPPPPPPPPPPPPPPPPPPPPPPPSS
RPRRRPRRRPRRRPRRRPRRRPRRRPRRPSSS
RPRRRPRRRPRPSSSSSSSSSSSSSSSSSSSS
RPRRRPRRRPRRRPRRRPPSSSSSSSSSSSSS
RPRRRPRRRPRRRPRRRPRRRPRRRPRPPSSS
RPRRRPRRRPRRRPRRRPRRPPPPPPPPPPSS
RPRRRPRRRPRRRPRSSSSSSSSSSSSSSSSS
RPRRPPPPPPPPPPPPPPPPPPPPPPSSSSSS
RPRRRPRRRPRRRPRRRPRRPPPPPPPPPPPS
RPRRRPRRRPRRRPRRRPRRRPRRRPRRRPPS
RPRRRPRRPPPPPSSSSSSSSSSSSSSSSSSS
RPRRRPRPPPPPPPPPPPPPPPPPSSSSSSSS
RPPPPPPPPPSSSSSSSSSSSSSSSSSSSSSS
RPRRRPRRRPRRRPRRRPRRRPRRPPPPSSSS
RPRRRPRRRPRRRPRRRPRRPPSSSSSSSSSS
RPRRRPRPPPPSSSSSSSSSSSSSSSSSSSSS
RPRRRPRRRPRRRPRRRPRPPPSSSSSSSSSS
RPRRRPRPPPPPPPPPPSSSSSSSSSSSSSSS
RPRRRPRRRPRRRPRRRPPPPPSSSSSSSSSS
RPRRRPRRRPRRRPRRRPRRRPRRRPRPPPSS
RPRRRPRRPPPPPPPSSSSSSSSSSSSSSSSS
RPRRRPPPPPPPPPPPPPPPPPPSSSSSSSSS
RPRRPPPPPPSSSSSSSSSSSSSSSSSSSSSS
RPRRRPRRRPRRRPRRRPRRRPRPPPPPPSSS
RPRRRPRRRPPPPPPSSSSSSSSSSSSSSSSS
RPRRPPPPPPPPPPPPPPPPPPPPPPPPPSSS
RPRRRPRPPPPPPPPPPPPPPPPPSSSSSSSS
RPRRRPRRRPRPPPPPPPPPPPPPPPPPPPPS
RPRRRPRRRPRRRPRRRPRRRPPPPSSSSSSS
RPRRPPPPPPPPPPPPPPPPPPPPPPPPSSSS
RPRRRPRRRPRRRPRRRPPPPPSSSSSSSSSS
RPRRRPRRRPRRRPRRRPRRRPRRRPPPPSSS
RPRRRPRRRPRRRPRPPPPPPPPPPSSSSSSS
RPRPPPPPPPPPPPPPPPPPSSSSSSSSSSSS
RPPPPPPPPSSSSSSSSSSSSSSSSSSSSSSS
RPRRRPRRRPRRRPRRPPPPPPPSSSSSSSSS
RPPPPPPPPPPPPPPPPPPPPPPPPSSSSSSS
RPRRRPRRPPPPPPPPPPPPPPPPPPPPSSSS
RPRRRPRRRPRRRPRRRPRRRPRRRPPPSSSS
RPRPPPPPPPPPPPPPPPPPPPPPPPSSSSSS
