RPRRRPRRRPRRRPRRRPRRRPRRRPSSSSSS
RPRRRPRRRPRRRPRRRPRRRPRRRPRRRPPS
RPRRRPRRRPRRRPRRRPRRRPRRRPRSSSSS
RPRRRPRRRPRRRPRRRPRRRPRRPPPPPPPS
RPRRRPRRRPRRRPRRRPPPPPPPPPPPPPSS
RPRRRPRRRPRRRPRRRPRRRPRRRPRRRPPS
RPRRRPRRRPRRRPRPPPPPPPSSSSSSSSSS
RPRPPPPPPPPPPPPPPPPSSSSSSSSSSSSS
RPRPPPPPPPPPPPPPPPSSSSSSSSSSSSSS
RPRRRPRRPPPPPSSSSSSSSSSSSSSSSSSS
RPRRRPRRRPRRRPRRRPRRRPRPPPPSSSSS
RPRRRPRRRPRRRPRRRPPPPPPPPPPSSSSS
RPRPPPPPSSSSSSSSSSSSSSSSSSSSSSSS
RPRRRPRRRPRRRPRRRPRRRPPPPPPSSSSS
RPRRRPRRRPRRRPRRRPRRRPRRRPRSSSSS
RPRRRPRPPPPPPPPPPPSSSSSSSSSSSSSS
RPRRPPPPPPPSSSSSSSSSSSSSSSSSSSSS
RPRRRPRRRPRRRPRRSSSSSSSSSSSSSSSS
RPRRRPRPPPPPPPPPPPPPPPPPPPPPPSSS
RPPPPPPPPPPPPPPPPPPPPPPSSSSSSSSS
RPRRRPRRRPRRRPRRRPRRRPRRRPRRPPSS
RPRRRPRRRPRRRPRRRPRRRPRRPPPSSSSS
RPRRRPRPPSSSSSSSSSSSSSSSSSSSSSSS
RPRRRPRRRPRPPPSSSSSSSSSSSSSSSSSS
RPPPPPPPPPPPPPPPPPPPPPPPPPPPPSSS
RPRRRPRRRPRRRPRRRPRPPPPPPSSSSSSS
RPRRRPRRRPRRRPPPPPSSSSSSSSSSSSSS
RPRRPPPPPPPPPSSSSSSSSSSSSSSSSSSS
RPRRRPRRRPRRRPRRRPRRRPRRRPPSSSSS
RPRRRPRRRPRRRPRPPPPPPPPPSSSSSSSS
RPRRRPRRRPRRRPRRRPPPPPPPPPPPPSSS
RPRRRPRRPPPSSSSSSSSSSSSSSSSSSSSS
RPRRRPRRRPRRRPRRRPRRRPRPPPPPSSSS
RPRRRPPPPPPPPPPPPPPPPPSSSSSSSSSS
RPRRRPRRRPRRRPRRRPRRRPRRRPPPPPPS
RPRRRPRRRPRPPPPPPPPPPPPPPPPSSSSS
RPRRRPRRRPRRRPRRRPRRRPRPPPPPPSSS
RPRRRPRRRPRRRPRRRPRPPSSSSSSSSSSS
RPRRRPRRRPRRRPRRRPRRPPPPPPSSSSSS
RPRRRPRRRPRRRPRRRPRRRPRRRPPPPPSS
RPRRRPRRRPRRRPRPPPPPPPPPSSSSSSSS
RPRRRPRRRPPPPPPSSSSSSSSSSSSSSSSS
RPRPPPPPPPPPPPPPPPPSSSSSSSSSSSSS
RPRRRPRRRPRRRPRRRPRRPPSSSSSSSSSS
RPRRRPRRRPRRRPRRRPRPPPPSSSSSSSSS
RPRRRPRPPPPPPPSSSSSSSSSSSSSSSSSS
RPRRRPRRRPRPSSSSSSSSSSSSSSSSSSSS
RPRRRPRRRPRRRPRRRPRRPPPSSSSSSSSS
RPRRRPRRRPRRRPRRRPRRPPPPPPPPPPSS
RPRRRPRRRPRRRPRRSSSSSSSSSSSSSSSS
